d:\visual studio 2015 程序\mfc projects\camera\camera\x64\debug\camera.pch
d:\visual studio 2015 程序\mfc projects\camera\camera\x64\debug\vc140.pdb
d:\visual studio 2015 程序\mfc projects\camera\camera\x64\debug\vc140.idb
d:\visual studio 2015 程序\mfc projects\camera\camera\x64\debug\stdafx.obj
d:\visual studio 2015 程序\mfc projects\camera\camera\x64\debug\camera.obj
d:\visual studio 2015 程序\mfc projects\camera\camera\x64\debug\cameradlg.obj
d:\visual studio 2015 程序\mfc projects\camera\camera\x64\debug\exit.obj
c:\users\sunjiantong\desktop\camera\camera\x64\debug\camera.pch
c:\users\sunjiantong\desktop\camera\camera\x64\debug\vc140.pdb
c:\users\sunjiantong\desktop\camera\camera\x64\debug\vc140.idb
c:\users\sunjiantong\desktop\camera\camera\x64\debug\stdafx.obj
c:\users\sunjiantong\desktop\camera\camera\x64\debug\camera.obj
c:\users\sunjiantong\desktop\camera\camera\x64\debug\cameradlg.obj
c:\users\sunjiantong\desktop\camera\camera\x64\debug\exit.obj
d:\研究生\camera\camera\x64\debug\camera.pch
d:\研究生\camera\camera\x64\debug\vc140.pdb
d:\研究生\camera\camera\x64\debug\vc140.idb
d:\研究生\camera\camera\x64\debug\stdafx.obj
d:\研究生\camera\camera\x64\debug\camera.obj
d:\研究生\camera\camera\x64\debug\cameradlg.obj
d:\研究生\camera\camera\x64\debug\exit.obj
d:\visual studio 2015 程序\mfc projects\camera\x64\debug\camera.ilk
d:\visual studio 2015 程序\mfc projects\camera\x64\debug\camera.exe
d:\visual studio 2015 程序\mfc projects\camera\x64\debug\camera.pdb
c:\users\sunjiantong\desktop\camera\x64\debug\camera.ilk
c:\users\sunjiantong\desktop\camera\x64\debug\camera.exe
c:\users\sunjiantong\desktop\camera\x64\debug\camera.pdb
d:\visual studio 2015 程序\mfc projects\camera\camera\x64\debug\camera.res
c:\users\sunjiantong\desktop\camera\camera\x64\debug\camera.res
d:\研究生\camera\camera\x64\debug\camera.res
d:\研究生\camera\x64\debug\camera.pdb
d:\研究生\camera\camera\x64\debug\camera.tlog\cl.command.1.tlog
d:\研究生\camera\camera\x64\debug\camera.tlog\cl.read.1.tlog
d:\研究生\camera\camera\x64\debug\camera.tlog\cl.write.1.tlog
d:\研究生\camera\camera\x64\debug\camera.tlog\link.command.1.tlog
d:\研究生\camera\camera\x64\debug\camera.tlog\link.read.1.tlog
d:\研究生\camera\camera\x64\debug\camera.tlog\link.write.1.tlog
d:\研究生\camera\camera\x64\debug\camera.tlog\rc.command.1.tlog
d:\研究生\camera\camera\x64\debug\camera.tlog\rc.read.1.tlog
d:\研究生\camera\camera\x64\debug\camera.tlog\rc.write.1.tlog
